\BOOKMARK [1][-]{section*.2}{\376\377\000R\000e\000s\000u\000m\000e\000n}{}% 1
\BOOKMARK [1][-]{section*.3}{\376\377\000I\000n\000t\000r\000o\000d\000u\000c\000c\000i\000\363\000n\000.}{}% 2
\BOOKMARK [1][-]{section.1}{\376\377\000F\000o\000r\000m\000u\000l\000a\000c\000i\000\363\000n\000\040\000d\000e\000l\000\040\000p\000r\000o\000b\000l\000e\000m\000a\000.}{}% 3
\BOOKMARK [2][-]{subsection.1.1}{\376\377\000D\000e\000s\000c\000r\000i\000p\000c\000i\000\363\000n\000\040\000d\000e\000l\000\040\000p\000r\000o\000b\000l\000e\000m\000a\000.}{section.1}% 4
\BOOKMARK [2][-]{subsection.1.2}{\376\377\000D\000e\000f\000i\000n\000i\000c\000i\000\363\000n\000\040\000d\000e\000l\000\040\000p\000r\000o\000b\000l\000e\000m\000a\000.}{section.1}% 5
\BOOKMARK [1][-]{section.2}{\376\377\000M\000a\000r\000c\000o\000\040\000r\000e\000f\000e\000r\000e\000n\000c\000i\000a\000l\000.}{}% 6
\BOOKMARK [2][-]{subsection.2.1}{\376\377\000M\000a\000r\000c\000o\000\040\000t\000e\000\363\000r\000i\000c\000o\000.}{section.2}% 7
\BOOKMARK [2][-]{subsection.2.2}{\376\377\000E\000s\000t\000a\000d\000o\000\040\000d\000e\000l\000\040\000a\000r\000t\000e\000.}{section.2}% 8
\BOOKMARK [2][-]{subsection.2.3}{\376\377\000M\000a\000r\000c\000o\000\040\000c\000o\000n\000c\000e\000p\000t\000u\000a\000l\000.}{section.2}% 9
\BOOKMARK [1][-]{section.3}{\376\377\000A\000l\000c\000a\000n\000c\000e\000.}{}% 10
\BOOKMARK [2][-]{subsection.3.1}{\376\377\000D\000e\000c\000l\000a\000r\000a\000c\000i\000\363\000n\000\040\000d\000e\000l\000\040\000a\000l\000c\000a\000n\000c\000e\000.}{section.3}% 11
\BOOKMARK [2][-]{subsection.3.2}{\376\377\000S\000u\000p\000u\000e\000s\000t\000o\000s\000.}{section.3}% 12
\BOOKMARK [2][-]{subsection.3.3}{\376\377\000R\000e\000s\000t\000r\000i\000c\000c\000i\000o\000n\000e\000s\000.}{section.3}% 13
\BOOKMARK [1][-]{section.4}{\376\377\000O\000b\000j\000e\000t\000i\000v\000o\000s\000.}{}% 14
\BOOKMARK [2][-]{subsection.4.1}{\376\377\000O\000b\000j\000e\000t\000i\000v\000o\000\040\000g\000e\000n\000e\000r\000a\000l\000.}{section.4}% 15
\BOOKMARK [2][-]{subsection.4.2}{\376\377\000O\000b\000j\000e\000t\000i\000v\000o\000s\000\040\000e\000s\000p\000e\000c\000\355\000f\000i\000c\000o\000s\000.}{section.4}% 16
\BOOKMARK [2][-]{subsection.4.3}{\376\377\000R\000e\000s\000u\000l\000t\000a\000d\000o\000s\000\040\000e\000s\000p\000e\000r\000a\000d\000o\000s\000.}{section.4}% 17
\BOOKMARK [1][-]{section.5}{\376\377\000M\000e\000t\000o\000d\000o\000l\000o\000g\000\355\000a\000.}{}% 18
\BOOKMARK [2][-]{subsection.5.1}{\376\377\000T\000e\000c\000n\000o\000l\000o\000g\000\355\000a\000s\000\040\000e\000m\000p\000l\000e\000a\000d\000a\000s\000.}{section.5}% 19
\BOOKMARK [3][-]{subsubsection.5.1.1}{\376\377\000D\000e\000s\000a\000r\000r\000o\000l\000l\000o\000\040\000n\000a\000t\000i\000v\000o\000\040\000v\000s\000.\000\040\000m\000u\000l\000t\000i\000p\000l\000a\000t\000a\000f\000o\000r\000m\000a\000.}{subsection.5.1}% 20
\BOOKMARK [3][-]{subsubsection.5.1.2}{\376\377\000V\000e\000r\000s\000i\000\363\000n\000\040\000o\000b\000j\000e\000t\000i\000v\000o\000\040\000d\000e\000\040\000l\000a\000\040\000A\000P\000I\000\040\000d\000e\000\040\000A\000n\000d\000r\000o\000i\000d\000.}{subsection.5.1}% 21
\BOOKMARK [3][-]{subsubsection.5.1.3}{\376\377\000S\000e\000l\000e\000c\000c\000i\000\363\000n\000\040\000d\000e\000l\000\040\000l\000e\000n\000g\000u\000a\000j\000e\000:\000\040\000K\000o\000t\000l\000i\000n\000.}{subsection.5.1}% 22
\BOOKMARK [3][-]{subsubsection.5.1.4}{\376\377\000L\000i\000b\000r\000e\000r\000\355\000a\000\040\000d\000e\000\040\000U\000I\000:\000\040\000J\000e\000t\000p\000a\000c\000k\000\040\000C\000o\000m\000p\000o\000s\000e\000.}{subsection.5.1}% 23
\BOOKMARK [3][-]{subsubsection.5.1.5}{\376\377\000P\000e\000r\000s\000i\000s\000t\000e\000n\000c\000i\000a\000\040\000d\000e\000\040\000d\000a\000t\000o\000s\000:\000\040\000R\000o\000o\000m\000.}{subsection.5.1}% 24
\BOOKMARK [2][-]{subsection.5.2}{\376\377\000L\000e\000v\000a\000n\000t\000a\000m\000i\000e\000n\000t\000o\000\040\000d\000e\000\040\000r\000e\000q\000u\000e\000r\000i\000m\000i\000e\000n\000t\000o\000s\000.}{section.5}% 25
\BOOKMARK [3][-]{subsubsection.5.2.1}{\376\377\000R\000e\000q\000u\000e\000r\000i\000m\000i\000e\000n\000t\000o\000s\000\040\000f\000u\000n\000c\000i\000o\000n\000a\000l\000e\000s\000.}{subsection.5.2}% 26
\BOOKMARK [3][-]{subsubsection.5.2.2}{\376\377\000R\000e\000q\000u\000e\000r\000i\000m\000i\000e\000n\000t\000o\000s\000\040\000n\000o\000\040\000f\000u\000n\000c\000i\000o\000n\000a\000l\000e\000s\000.}{subsection.5.2}% 27
\BOOKMARK [2][-]{subsection.5.3}{\376\377\000S\000c\000r\000u\000m\000b\000a\000n\000:\000\040\000I\000m\000p\000l\000e\000m\000e\000n\000t\000a\000c\000i\000\363\000n\000.}{section.5}% 28
\BOOKMARK [3][-]{subsubsection.5.3.1}{\376\377\000S\000p\000r\000i\000n\000t\000s\000.}{subsection.5.3}% 29
\BOOKMARK [3][-]{subsubsection.5.3.2}{\376\377\000G\000e\000s\000t\000i\000\363\000n\000\040\000d\000e\000\040\000a\000c\000t\000i\000v\000i\000d\000a\000d\000e\000s\000:\000\040\000G\000i\000t\000H\000u\000b\000\040\000P\000r\000o\000j\000e\000c\000t\000s\000.}{subsection.5.3}% 30
\BOOKMARK [3][-]{subsubsection.5.3.3}{\376\377\000G\000i\000t\000H\000u\000b\000\040\000F\000l\000o\000w\000.}{subsection.5.3}% 31
\BOOKMARK [1][-]{section.6}{\376\377\000A\000r\000q\000u\000i\000t\000e\000c\000t\000u\000r\000a\000\040\000y\000\040\000d\000i\000s\000e\000\361\000o\000.}{}% 32
\BOOKMARK [2][-]{subsection.6.1}{\376\377\000A\000r\000q\000u\000i\000t\000e\000c\000t\000u\000r\000a\000.}{section.6}% 33
\BOOKMARK [3][-]{subsubsection.6.1.1}{\376\377\000P\000r\000\341\000c\000t\000i\000c\000a\000s\000\040\000r\000e\000c\000o\000m\000e\000n\000d\000a\000d\000a\000s\000\040\000p\000o\000r\000\040\000G\000o\000o\000g\000l\000e\000.}{subsection.6.1}% 34
\BOOKMARK [3][-]{subsubsection.6.1.2}{\376\377\000P\000a\000t\000r\000\363\000n\000\040\000d\000e\000\040\000a\000r\000q\000u\000i\000t\000e\000c\000t\000u\000r\000a\000\040\000M\000V\000V\000M\000.}{subsection.6.1}% 35
\BOOKMARK [2][-]{subsection.6.2}{\376\377\000D\000i\000s\000e\000\361\000o\000.}{section.6}% 36
\BOOKMARK [3][-]{subsubsection.6.2.1}{\376\377\000A\000p\000l\000i\000c\000a\000c\000i\000o\000n\000e\000s\000\040\000s\000i\000m\000i\000l\000a\000r\000e\000s\000.}{subsection.6.2}% 37
\BOOKMARK [3][-]{subsubsection.6.2.2}{\376\377\000M\000o\000c\000k\000u\000p\000s\000\040\000y\000\040\000p\000r\000o\000t\000o\000t\000i\000p\000o\000.}{subsection.6.2}% 38
\BOOKMARK [1][-]{section.7}{\376\377\000D\000e\000s\000a\000r\000r\000o\000l\000l\000o}{}% 39
\BOOKMARK [2][-]{subsection.7.1}{\376\377\000E\000s\000t\000r\000u\000c\000t\000u\000r\000a\000.}{section.7}% 40
\BOOKMARK [3][-]{subsubsection.7.1.1}{\376\377\000P\000r\000o\000y\000e\000c\000t\000o\000.}{subsection.7.1}% 41
\BOOKMARK [3][-]{subsubsection.7.1.2}{\376\377\000B\000a\000s\000e\000\040\000d\000e\000\040\000d\000a\000t\000o\000s\000.}{subsection.7.1}% 42
\BOOKMARK [2][-]{subsection.7.2}{\376\377\000S\000e\000c\000c\000i\000o\000n\000e\000s\000\040\000d\000e\000\040\000l\000a\000\040\000a\000p\000l\000i\000c\000a\000c\000i\000\363\000n\000.}{section.7}% 43
\BOOKMARK [3][-]{subsubsection.7.2.1}{\376\377\000P\000a\000n\000t\000a\000l\000l\000a\000\040\000d\000e\000\040\000i\000n\000i\000c\000i\000o\000\040\000\050\000H\000o\000m\000e\000\051\000.}{subsection.7.2}% 44
\BOOKMARK [3][-]{subsubsection.7.2.2}{\376\377\000M\000e\000n\000\372\000\040\000d\000e\000\040\000a\000p\000l\000i\000c\000a\000c\000i\000o\000n\000e\000s\000.}{subsection.7.2}% 45
\BOOKMARK [3][-]{subsubsection.7.2.3}{\376\377\000A\000j\000u\000s\000t\000e\000s\000\040\000y\000\040\000p\000e\000r\000s\000o\000n\000a\000l\000i\000z\000a\000c\000i\000\363\000n\000.}{subsection.7.2}% 46
\BOOKMARK [3][-]{subsubsection.7.2.4}{\376\377\000L\000\355\000m\000i\000t\000e\000\040\000d\000e\000\040\000t\000i\000e\000m\000p\000o\000\040\000d\000e\000\040\000a\000p\000l\000i\000c\000a\000c\000i\000o\000n\000e\000s\000.}{subsection.7.2}% 47
\BOOKMARK [2][-]{subsection.7.3}{\376\377\000L\000i\000m\000i\000t\000a\000c\000i\000o\000n\000e\000s\000.}{section.7}% 48
\BOOKMARK [1][-]{section.8}{\376\377\000P\000r\000u\000e\000b\000a\000s\000.}{}% 49
\BOOKMARK [2][-]{subsection.8.1}{\376\377\000P\000r\000u\000e\000b\000a\000s\000\040\000d\000e\000\040\000u\000s\000a\000b\000i\000l\000i\000d\000a\000d\000.}{section.8}% 50
\BOOKMARK [1][-]{section.9}{\376\377\000R\000e\000f\000e\000r\000e\000n\000c\000i\000a\000s}{}% 51
